# JRE version: OpenJDK Runtime Environment (7.0_65-b32) (build 1.7.0_65-b32)
# Java VM: OpenJDK 64-Bit Server VM (24.65-b04 mixed mode linux-amd64 compressed oops)
Heap
 def new generation   total 78912K, used 52838K [0x00000000d0000000, 0x00000000d55a0000, 0x00000000daaa0000)
  eden space 70144K,  73% used [0x00000000d0000000, 0x00000000d3279158, 0x00000000d4480000)
  from space 8768K,  13% used [0x00000000d4480000, 0x00000000d45a08c8, 0x00000000d4d10000)
  to   space 8768K,   0% used [0x00000000d4d10000, 0x00000000d4d10000, 0x00000000d55a0000)
 tenured generation   total 174784K, used 29689K [0x00000000daaa0000, 0x00000000e5550000, 0x00000000f0000000)
   the space 174784K,  16% used [0x00000000daaa0000, 0x00000000dc79e5a0, 0x00000000dc79e600, 0x00000000e5550000)
 compacting perm gen  total 57088K, used 56909K [0x00000000f0000000, 0x00000000f37c0000, 0x0000000100000000)
   the space 57088K,  99% used [0x00000000f0000000, 0x00000000f37935b8, 0x00000000f3793600, 0x00000000f37c0000)
GC Heap History (10 events):
Event: 15826.328 GC heap before
{Heap before GC invocations=17 (full 6):
 def new generation   total 78912K, used 72017K [0x00000000d0000000, 0x00000000d55a0000, 0x00000000daaa0000)
  eden space 70144K, 100% used [0x00000000d0000000, 0x00000000d4480000, 0x00000000d4480000)
  from space 8768K,  21% used [0x00000000d4d10000, 0x00000000d4ee4490, 0x00000000d55a0000)
  to   space 8768K,   0% used [0x00000000d4480000, 0x00000000d4480000, 0x00000000d4d10000)
 tenured generation   total 174784K, used 29689K [0x00000000daaa0000, 0x00000000e5550000, 0x00000000f0000000)
   the space 174784K,  16% used [0x00000000daaa0000, 0x00000000dc79e5a0, 0x00000000dc79e600, 0x00000000e5550000)
 compacting perm gen  total 57088K, used 56886K [0x00000000f0000000, 0x00000000f37c0000, 0x0000000100000000)
   the space 57088K,  99% used [0x00000000f0000000, 0x00000000f378d950, 0x00000000f378da00, 0x00000000f37c0000)
No shared spaces configured.
Event: 15826.340 GC heap after
Heap after GC invocations=18 (full 6):
 def new generation   total 78912K, used 1071K [0x00000000d0000000, 0x00000000d55a0000, 0x00000000daaa0000)
  eden space 70144K,   0% used [0x00000000d0000000, 0x00000000d0000000, 0x00000000d4480000)
  from space 8768K,  12% used [0x00000000d4480000, 0x00000000d458bf40, 0x00000000d4d10000)
  to   space 8768K,   0% used [0x00000000d4d10000, 0x00000000d4d10000, 0x00000000d55a0000)
 tenured generation   total 174784K, used 29689K [0x00000000daaa0000, 0x00000000e5550000, 0x00000000f0000000)
   the space 174784K,  16% used [0x00000000daaa0000, 0x00000000dc79e5a0, 0x00000000dc79e600, 0x00000000e5550000)
 compacting perm gen  total 57088K, used 56886K [0x00000000f0000000, 0x00000000f37c0000, 0x0000000100000000)
   the space 57088K,  99% used [0x00000000f0000000, 0x00000000f378d950, 0x00000000f378da00, 0x00000000f37c0000)
No shared spaces configured.
}
Event: 17926.326 GC heap before
{Heap before GC invocations=18 (full 6):
 def new generation   total 78912K, used 71215K [0x00000000d0000000, 0x00000000d55a0000, 0x00000000daaa0000)
  eden space 70144K, 100% used [0x00000000d0000000, 0x00000000d4480000, 0x00000000d4480000)
  from space 8768K,  12% used [0x00000000d4480000, 0x00000000d458bf40, 0x00000000d4d10000)
  to   space 8768K,   0% used [0x00000000d4d10000, 0x00000000d4d10000, 0x00000000d55a0000)
 tenured generation   total 174784K, used 29689K [0x00000000daaa0000, 0x00000000e5550000, 0x00000000f0000000)
   the space 174784K,  16% used [0x00000000daaa0000, 0x00000000dc79e5a0, 0x00000000dc79e600, 0x00000000e5550000)
 compacting perm gen  total 57088K, used 56886K [0x00000000f0000000, 0x00000000f37c0000, 0x0000000100000000)
   the space 57088K,  99% used [0x00000000f0000000, 0x00000000f378db28, 0x00000000f378dc00, 0x00000000f37c0000)
No shared spaces configured.
Event: 17926.331 GC heap after
Heap after GC invocations=19 (full 6):
 def new generation   total 78912K, used 1084K [0x00000000d0000000, 0x00000000d55a0000, 0x00000000daaa0000)
  eden space 70144K,   0% used [0x00000000d0000000, 0x00000000d0000000, 0x00000000d4480000)
  from space 8768K,  12% used [0x00000000d4d10000, 0x00000000d4e1f158, 0x00000000d55a0000)
  to   space 8768K,   0% used [0x00000000d4480000, 0x00000000d4480000, 0x00000000d4d10000)
 tenured generation   total 174784K, used 29689K [0x00000000daaa0000, 0x00000000e5550000, 0x00000000f0000000)
   the space 174784K,  16% used [0x00000000daaa0000, 0x00000000dc79e5a0, 0x00000000dc79e600, 0x00000000e5550000)
 compacting perm gen  total 57088K, used 56886K [0x00000000f0000000, 0x00000000f37c0000, 0x0000000100000000)
   the space 57088K,  99% used [0x00000000f0000000, 0x00000000f378db28, 0x00000000f378dc00, 0x00000000f37c0000)
No shared spaces configured.
}
Event: 20026.325 GC heap before
{Heap before GC invocations=19 (full 6):
 def new generation   total 78912K, used 71228K [0x00000000d0000000, 0x00000000d55a0000, 0x00000000daaa0000)
  eden space 70144K, 100% used [0x00000000d0000000, 0x00000000d4480000, 0x00000000d4480000)
  from space 8768K,  12% used [0x00000000d4d10000, 0x00000000d4e1f158, 0x00000000d55a0000)
  to   space 8768K,   0% used [0x00000000d4480000, 0x00000000d4480000, 0x00000000d4d10000)
 tenured generation   total 174784K, used 29689K [0x00000000daaa0000, 0x00000000e5550000, 0x00000000f0000000)
   the space 174784K,  16% used [0x00000000daaa0000, 0x00000000dc79e5a0, 0x00000000dc79e600, 0x00000000e5550000)
 compacting perm gen  total 57088K, used 56899K [0x00000000f0000000, 0x00000000f37c0000, 0x0000000100000000)
   the space 57088K,  99% used [0x00000000f0000000, 0x00000000f3790ca0, 0x00000000f3790e00, 0x00000000f37c0000)
No shared spaces configured.
Event: 20026.331 GC heap after
Heap after GC invocations=20 (full 6):
 def new generation   total 78912K, used 1097K [0x00000000d0000000, 0x00000000d55a0000, 0x00000000daaa0000)
  eden space 70144K,   0% used [0x00000000d0000000, 0x00000000d0000000, 0x00000000d4480000)
  from space 8768K,  12% used [0x00000000d4480000, 0x00000000d4592478, 0x00000000d4d10000)
  to   space 8768K,   0% used [0x00000000d4d10000, 0x00000000d4d10000, 0x00000000d55a0000)
 tenured generation   total 174784K, used 29689K [0x00000000daaa0000, 0x00000000e5550000, 0x00000000f0000000)
   the space 174784K,  16% used [0x00000000daaa0000, 0x00000000dc79e5a0, 0x00000000dc79e600, 0x00000000e5550000)
 compacting perm gen  total 57088K, used 56899K [0x00000000f0000000, 0x00000000f37c0000, 0x0000000100000000)
   the space 57088K,  99% used [0x00000000f0000000, 0x00000000f3790ca0, 0x00000000f3790e00, 0x00000000f37c0000)
No shared spaces configured.
}
Event: 22107.645 GC heap before
{Heap before GC invocations=20 (full 6):
 def new generation   total 78912K, used 71241K [0x00000000d0000000, 0x00000000d55a0000, 0x00000000daaa0000)
  eden space 70144K, 100% used [0x00000000d0000000, 0x00000000d4480000, 0x00000000d4480000)
  from space 8768K,  12% used [0x00000000d4480000, 0x00000000d4592478, 0x00000000d4d10000)
  to   space 8768K,   0% used [0x00000000d4d10000, 0x00000000d4d10000, 0x00000000d55a0000)
 tenured generation   total 174784K, used 29689K [0x00000000daaa0000, 0x00000000e5550000, 0x00000000f0000000)
   the space 174784K,  16% used [0x00000000daaa0000, 0x00000000dc79e5a0, 0x00000000dc79e600, 0x00000000e5550000)
 compacting perm gen  total 57088K, used 56902K [0x00000000f0000000, 0x00000000f37c0000, 0x0000000100000000)
   the space 57088K,  99% used [0x00000000f0000000, 0x00000000f3791b50, 0x00000000f3791c00, 0x00000000f37c0000)
No shared spaces configured.
Event: 22107.652 GC heap after
Heap after GC invocations=21 (full 6):
 def new generation   total 78912K, used 1140K [0x00000000d0000000, 0x00000000d55a0000, 0x00000000daaa0000)
  eden space 70144K,   0% used [0x00000000d0000000, 0x00000000d0000000, 0x00000000d4480000)
  from space 8768K,  13% used [0x00000000d4d10000, 0x00000000d4e2d378, 0x00000000d55a0000)
  to   space 8768K,   0% used [0x00000000d4480000, 0x00000000d4480000, 0x00000000d4d10000)
 tenured generation   total 174784K, used 29689K [0x00000000daaa0000, 0x00000000e5550000, 0x00000000f0000000)
   the space 174784K,  16% used [0x00000000daaa0000, 0x00000000dc79e5a0, 0x00000000dc79e600, 0x00000000e5550000)
 compacting perm gen  total 57088K, used 56902K [0x00000000f0000000, 0x00000000f37c0000, 0x0000000100000000)
   the space 57088K,  99% used [0x00000000f0000000, 0x00000000f3791b50, 0x00000000f3791c00, 0x00000000f37c0000)
No shared spaces configured.
}
Event: 24205.403 GC heap before
{Heap before GC invocations=21 (full 6):
 def new generation   total 78912K, used 71284K [0x00000000d0000000, 0x00000000d55a0000, 0x00000000daaa0000)
  eden space 70144K, 100% used [0x00000000d0000000, 0x00000000d4480000, 0x00000000d4480000)
  from space 8768K,  13% used [0x00000000d4d10000, 0x00000000d4e2d378, 0x00000000d55a0000)
  to   space 8768K,   0% used [0x00000000d4480000, 0x00000000d4480000, 0x00000000d4d10000)
 tenured generation   total 174784K, used 29689K [0x00000000daaa0000, 0x00000000e5550000, 0x00000000f0000000)
   the space 174784K,  16% used [0x00000000daaa0000, 0x00000000dc79e5a0, 0x00000000dc79e600, 0x00000000e5550000)
 compacting perm gen  total 57088K, used 56903K [0x00000000f0000000, 0x00000000f37c0000, 0x0000000100000000)
   the space 57088K,  99% used [0x00000000f0000000, 0x00000000f3791f68, 0x00000000f3792000, 0x00000000f37c0000)
No shared spaces configured.
Event: 24205.409 GC heap after
Heap after GC invocations=22 (full 6):
 def new generation   total 78912K, used 1154K [0x00000000d0000000, 0x00000000d55a0000, 0x00000000daaa0000)
  eden space 70144K,   0% used [0x00000000d0000000, 0x00000000d0000000, 0x00000000d4480000)
  from space 8768K,  13% used [0x00000000d4480000, 0x00000000d45a08c8, 0x00000000d4d10000)
  to   space 8768K,   0% used [0x00000000d4d10000, 0x00000000d4d10000, 0x00000000d55a0000)
 tenured generation   total 174784K, used 29689K [0x00000000daaa0000, 0x00000000e5550000, 0x00000000f0000000)
   the space 174784K,  16% used [0x00000000daaa0000, 0x00000000dc79e5a0, 0x00000000dc79e600, 0x00000000e5550000)
 compacting perm gen  total 57088K, used 56903K [0x00000000f0000000, 0x00000000f37c0000, 0x0000000100000000)
   the space 57088K,  99% used [0x00000000f0000000, 0x00000000f3791f68, 0x00000000f3792000, 0x00000000f37c0000)
No shared spaces configured.
}

